Requirement already satisfied: optuna in /csehome/m25csa032/.local/lib/python3.10/site-packages (4.7.0)
Requirement already satisfied: seaborn in /csehome/m25csa032/.local/lib/python3.10/site-packages (0.13.2)
Requirement already satisfied: scikit-learn in /opt/ohpc/apps/python/3.10.pytorch/lib/python3.10/site-packages (1.3.2)
Requirement already satisfied: alembic>=1.5.0 in /csehome/m25csa032/.local/lib/python3.10/site-packages (from optuna) (1.18.4)
Requirement already satisfied: colorlog in /csehome/m25csa032/.local/lib/python3.10/site-packages (from optuna) (6.10.1)
Requirement already satisfied: numpy in /csehome/m25csa032/.local/lib/python3.10/site-packages (from optuna) (1.26.4)
Requirement already satisfied: packaging>=20.0 in /opt/ohpc/apps/python/3.10.pytorch/lib/python3.10/site-packages (from optuna) (23.2)
Requirement already satisfied: sqlalchemy>=1.4.2 in /csehome/m25csa032/.local/lib/python3.10/site-packages (from optuna) (2.0.46)
Requirement already satisfied: tqdm in /opt/ohpc/apps/python/3.10.pytorch/lib/python3.10/site-packages (from optuna) (4.66.1)
Requirement already satisfied: PyYAML in /opt/ohpc/apps/python/3.10.pytorch/lib/python3.10/site-packages (from optuna) (6.0.1)
Requirement already satisfied: pandas>=1.2 in /opt/ohpc/apps/python/3.10.pytorch/lib/python3.10/site-packages (from seaborn) (2.1.4)
Requirement already satisfied: matplotlib!=3.6.1,>=3.4 in /opt/ohpc/apps/python/3.10.pytorch/lib/python3.10/site-packages (from seaborn) (3.8.2)
Requirement already satisfied: scipy>=1.5.0 in /opt/ohpc/apps/python/3.10.pytorch/lib/python3.10/site-packages (from scikit-learn) (1.11.4)
Requirement already satisfied: joblib>=1.1.1 in /opt/ohpc/apps/python/3.10.pytorch/lib/python3.10/site-packages (from scikit-learn) (1.3.2)
Requirement already satisfied: threadpoolctl>=2.0.0 in /opt/ohpc/apps/python/3.10.pytorch/lib/python3.10/site-packages (from scikit-learn) (3.2.0)
Requirement already satisfied: Mako in /csehome/m25csa032/.local/lib/python3.10/site-packages (from alembic>=1.5.0->optuna) (1.3.10)
Requirement already satisfied: typing-extensions>=4.12 in /csehome/m25csa032/.local/lib/python3.10/site-packages (from alembic>=1.5.0->optuna) (4.15.0)
Requirement already satisfied: tomli in /csehome/m25csa032/.local/lib/python3.10/site-packages (from alembic>=1.5.0->optuna) (2.4.0)
Requirement already satisfied: contourpy>=1.0.1 in /opt/ohpc/apps/python/3.10.pytorch/lib/python3.10/site-packages (from matplotlib!=3.6.1,>=3.4->seaborn) (1.2.0)
Requirement already satisfied: cycler>=0.10 in /opt/ohpc/apps/python/3.10.pytorch/lib/python3.10/site-packages (from matplotlib!=3.6.1,>=3.4->seaborn) (0.12.1)
Requirement already satisfied: fonttools>=4.22.0 in /opt/ohpc/apps/python/3.10.pytorch/lib/python3.10/site-packages (from matplotlib!=3.6.1,>=3.4->seaborn) (4.47.0)
Requirement already satisfied: kiwisolver>=1.3.1 in /opt/ohpc/apps/python/3.10.pytorch/lib/python3.10/site-packages (from matplotlib!=3.6.1,>=3.4->seaborn) (1.4.5)
Requirement already satisfied: pillow>=8 in /csehome/m25csa032/.local/lib/python3.10/site-packages (from matplotlib!=3.6.1,>=3.4->seaborn) (12.1.0)
Requirement already satisfied: pyparsing>=2.3.1 in /opt/ohpc/apps/python/3.10.pytorch/lib/python3.10/site-packages (from matplotlib!=3.6.1,>=3.4->seaborn) (3.1.1)
Requirement already satisfied: python-dateutil>=2.7 in /opt/ohpc/apps/python/3.10.pytorch/lib/python3.10/site-packages (from matplotlib!=3.6.1,>=3.4->seaborn) (2.8.2)
Requirement already satisfied: pytz>=2020.1 in /opt/ohpc/apps/python/3.10.pytorch/lib/python3.10/site-packages (from pandas>=1.2->seaborn) (2023.3.post1)
Requirement already satisfied: tzdata>=2022.1 in /opt/ohpc/apps/python/3.10.pytorch/lib/python3.10/site-packages (from pandas>=1.2->seaborn) (2023.3)
Requirement already satisfied: six>=1.5 in /opt/ohpc/apps/python/3.10.pytorch/lib/python3.10/site-packages (from python-dateutil>=2.7->matplotlib!=3.6.1,>=3.4->seaborn) (1.16.0)
Requirement already satisfied: greenlet>=1 in /csehome/m25csa032/.local/lib/python3.10/site-packages (from sqlalchemy>=1.4.2->optuna) (3.3.1)
Requirement already satisfied: MarkupSafe>=0.9.2 in /csehome/m25csa032/.local/lib/python3.10/site-packages (from Mako->alembic>=1.5.0->optuna) (3.0.3)

[notice] A new release of pip is available: 25.3 -> 26.0.1
[notice] To update, run: pip install --upgrade pip
Grid Search: 3 hyperparameters x 3 values each = 27 combinations (Standard CNN only).
Files already downloaded and verified
Files already downloaded and verified
  [1/27] LR=0.0001, batch_size=32, dropout=0.2
Files already downloaded and verified
Files already downloaded and verified
  [2/27] LR=0.0001, batch_size=32, dropout=0.3
Files already downloaded and verified
Files already downloaded and verified
  [3/27] LR=0.0001, batch_size=32, dropout=0.5
Files already downloaded and verified
Files already downloaded and verified
  [4/27] LR=0.0001, batch_size=64, dropout=0.2
Files already downloaded and verified
Files already downloaded and verified
  [5/27] LR=0.0001, batch_size=64, dropout=0.3
Files already downloaded and verified
Files already downloaded and verified
  [6/27] LR=0.0001, batch_size=64, dropout=0.5
Files already downloaded and verified
Files already downloaded and verified
  [7/27] LR=0.0001, batch_size=128, dropout=0.2
Files already downloaded and verified
Files already downloaded and verified
  [8/27] LR=0.0001, batch_size=128, dropout=0.3
Files already downloaded and verified
Files already downloaded and verified
  [9/27] LR=0.0001, batch_size=128, dropout=0.5
Files already downloaded and verified
Files already downloaded and verified
  [10/27] LR=0.001, batch_size=32, dropout=0.2
Files already downloaded and verified
Files already downloaded and verified
  [11/27] LR=0.001, batch_size=32, dropout=0.3
Files already downloaded and verified
Files already downloaded and verified
  [12/27] LR=0.001, batch_size=32, dropout=0.5
Files already downloaded and verified
Files already downloaded and verified
  [13/27] LR=0.001, batch_size=64, dropout=0.2
Files already downloaded and verified
Files already downloaded and verified
  [14/27] LR=0.001, batch_size=64, dropout=0.3
Files already downloaded and verified
Files already downloaded and verified
  [15/27] LR=0.001, batch_size=64, dropout=0.5
Files already downloaded and verified
Files already downloaded and verified
  [16/27] LR=0.001, batch_size=128, dropout=0.2
Files already downloaded and verified
Files already downloaded and verified
  [17/27] LR=0.001, batch_size=128, dropout=0.3
Files already downloaded and verified
Files already downloaded and verified
  [18/27] LR=0.001, batch_size=128, dropout=0.5
Files already downloaded and verified
Files already downloaded and verified
  [19/27] LR=0.01, batch_size=32, dropout=0.2
Files already downloaded and verified
Files already downloaded and verified
  [20/27] LR=0.01, batch_size=32, dropout=0.3
Files already downloaded and verified
Files already downloaded and verified
  [21/27] LR=0.01, batch_size=32, dropout=0.5
Files already downloaded and verified
Files already downloaded and verified
  [22/27] LR=0.01, batch_size=64, dropout=0.2
Files already downloaded and verified
Files already downloaded and verified
  [23/27] LR=0.01, batch_size=64, dropout=0.3
Files already downloaded and verified
Files already downloaded and verified
  [24/27] LR=0.01, batch_size=64, dropout=0.5
Files already downloaded and verified
Files already downloaded and verified
  [25/27] LR=0.01, batch_size=128, dropout=0.2
Files already downloaded and verified
Files already downloaded and verified
  [26/27] LR=0.01, batch_size=128, dropout=0.3
Files already downloaded and verified
Files already downloaded and verified
  [27/27] LR=0.01, batch_size=128, dropout=0.5
Grid Search complete: all 27 combinations evaluated.
Grid Search Best: {'lr': 0.001, 'batch_size': 32, 'dropout': 0.2} with Val Acc: 72.42%
Starting Optuna Search...
[I 2026-02-11 12:02:26,603] A new study created in memory with name: no-name-0fc26411-9b8e-4c0d-916e-9b5516a99aea
Files already downloaded and verified
Files already downloaded and verified
[I 2026-02-11 12:02:48,519] Trial 0 finished with value: 63.34 and parameters: {'lr': 0.0001, 'batch_size': 128, 'dropout': 0.2}. Best is trial 0 with value: 63.34.
Files already downloaded and verified
Files already downloaded and verified
[I 2026-02-11 12:03:12,999] Trial 1 finished with value: 52.25 and parameters: {'lr': 0.01, 'batch_size': 32, 'dropout': 0.5}. Best is trial 0 with value: 63.34.
Files already downloaded and verified
Files already downloaded and verified
[I 2026-02-11 12:03:35,513] Trial 2 finished with value: 59.16 and parameters: {'lr': 0.01, 'batch_size': 64, 'dropout': 0.3}. Best is trial 0 with value: 63.34.
Files already downloaded and verified
Files already downloaded and verified
[I 2026-02-11 12:03:58,204] Trial 3 finished with value: 63.75 and parameters: {'lr': 0.0001, 'batch_size': 64, 'dropout': 0.5}. Best is trial 3 with value: 63.75.
Files already downloaded and verified
Files already downloaded and verified
[I 2026-02-11 12:04:20,875] Trial 4 finished with value: 68.05 and parameters: {'lr': 0.001, 'batch_size': 64, 'dropout': 0.2}. Best is trial 4 with value: 68.05.
Files already downloaded and verified
Files already downloaded and verified
[I 2026-02-11 12:04:45,218] Trial 5 finished with value: 67.94 and parameters: {'lr': 0.0001, 'batch_size': 32, 'dropout': 0.3}. Best is trial 4 with value: 68.05.
Files already downloaded and verified
Files already downloaded and verified
[I 2026-02-11 12:05:09,307] Trial 6 finished with value: 67.55 and parameters: {'lr': 0.0001, 'batch_size': 32, 'dropout': 0.3}. Best is trial 4 with value: 68.05.
Files already downloaded and verified
Files already downloaded and verified
[I 2026-02-11 12:05:32,253] Trial 7 finished with value: 64.33 and parameters: {'lr': 0.0001, 'batch_size': 64, 'dropout': 0.3}. Best is trial 4 with value: 68.05.
Files already downloaded and verified
Files already downloaded and verified
[I 2026-02-11 12:05:54,891] Trial 8 finished with value: 64.16 and parameters: {'lr': 0.0001, 'batch_size': 64, 'dropout': 0.5}. Best is trial 4 with value: 68.05.
Files already downloaded and verified
Files already downloaded and verified
[I 2026-02-11 12:06:17,257] Trial 9 finished with value: 60.39 and parameters: {'lr': 0.01, 'batch_size': 128, 'dropout': 0.2}. Best is trial 4 with value: 68.05.
Optuna Best: {'lr': 0.001, 'batch_size': 64, 'dropout': 0.2}
Files already downloaded and verified
Files already downloaded and verified
Training Final Model: Standard_CNN
Epoch 1/15 - Acc: 45.08% Val Acc: 57.32%
Epoch 2/15 - Acc: 58.80% Val Acc: 63.20%
Epoch 3/15 - Acc: 64.41% Val Acc: 64.67%
Epoch 4/15 - Acc: 67.62% Val Acc: 67.63%
Epoch 5/15 - Acc: 69.87% Val Acc: 70.99%
Epoch 6/15 - Acc: 71.33% Val Acc: 72.58%
Epoch 7/15 - Acc: 72.76% Val Acc: 73.50%
Epoch 8/15 - Acc: 73.94% Val Acc: 73.63%
Epoch 9/15 - Acc: 75.26% Val Acc: 75.90%
Epoch 10/15 - Acc: 76.53% Val Acc: 76.45%
Epoch 11/15 - Acc: 77.13% Val Acc: 76.17%
Epoch 12/15 - Acc: 77.66% Val Acc: 77.28%
Epoch 13/15 - Acc: 78.47% Val Acc: 77.54%
Epoch 14/15 - Acc: 79.25% Val Acc: 77.60%
Epoch 15/15 - Acc: 79.86% Val Acc: 78.40%
Training Final Model: Separable_CNN
Epoch 1/15 - Acc: 42.81% Val Acc: 49.42%
Epoch 2/15 - Acc: 53.81% Val Acc: 59.11%
Epoch 3/15 - Acc: 59.23% Val Acc: 63.62%
Epoch 4/15 - Acc: 62.82% Val Acc: 63.71%
Epoch 5/15 - Acc: 64.59% Val Acc: 66.18%
Epoch 6/15 - Acc: 66.58% Val Acc: 67.27%
Epoch 7/15 - Acc: 67.75% Val Acc: 69.60%
Epoch 8/15 - Acc: 68.87% Val Acc: 68.67%
Epoch 9/15 - Acc: 69.50% Val Acc: 70.75%
Epoch 10/15 - Acc: 70.42% Val Acc: 72.55%
Epoch 11/15 - Acc: 71.38% Val Acc: 72.47%
Epoch 12/15 - Acc: 71.92% Val Acc: 73.76%
Epoch 13/15 - Acc: 72.69% Val Acc: 71.15%
Epoch 14/15 - Acc: 72.95% Val Acc: 72.80%
Epoch 15/15 - Acc: 73.51% Val Acc: 73.32%

Final Comparison:
--- Standard_CNN ---
Accuracy: 80.32
Precision: 0.8076894699287879
Recall: 0.8032
F1-Score: 0.803065477270641
Parameters: 1147914
MACs: 11375616
--- Separable_CNN ---
Accuracy: 74.85
Precision: 0.7531308839243936
Recall: 0.7485
F1-Score: 0.747095839083039
Parameters: 1066666
MACs: 3097600
